--------------------------------------------------
Starting Game...
Player 0 taking a turn...
	Current state: 6 dice available to roll, 0 accrued points
	player wants to roll...
		roll: [3,4,5,5,6,6]
		player choice: [5,5]
			player accrued 100 points from choice...
	Current state: 4 dice available to roll, 100 accrued points
	player wants to roll...
		roll: [2,5,5,6]
		player choice: [5,5]
			player accrued 100 points from choice...
	Current state: 2 dice available to roll, 200 accrued points
	player wants to pass. Turn over...
Player 1 taking a turn...
	Current state: 6 dice available to roll, 0 accrued points
	player wants to roll...
		roll: [1,1,2,4,4,5]
		player choice: [1]
			player accrued 100 points from choice...
	Current state: 5 dice available to roll, 100 accrued points
	player wants to pass. Turn over...
Player 0 taking a turn...
	Current state: 6 dice available to roll, 0 accrued points
	player wants to roll...
		roll: [1,1,2,4,4,5]
		player choice: [1,1,5]
			player accrued 250 points from choice...
	Current state: 3 dice available to roll, 250 accrued points
	player wants to roll...
		roll: [1,5,6]
		player choice: [1,5]
			player accrued 150 points from choice...
	Current state: 1 dice available to roll, 400 accrued points
	player wants to pass. Turn over...
Player 1 taking a turn...
	Current state: 6 dice available to roll, 0 accrued points
	player wants to roll...
		roll: [2,3,4,5,5,6]
		player choice: [5]
			player accrued 50 points from choice...
	Current state: 5 dice available to roll, 50 accrued points
	player wants to pass. Turn over...
Player 0 taking a turn...
	Current state: 6 dice available to roll, 0 accrued points
	player wants to roll...
		roll: [1,1,2,3,4,5]
		player choice: [1,1,5]
			player accrued 250 points from choice...
	Current state: 3 dice available to roll, 250 accrued points
	player wants to roll...
		roll: [2,4,6]
		player choice: []
			player busted! Turn over...
			player accrued 0 points from choice...
Player 1 taking a turn...
	Current state: 6 dice available to roll, 0 accrued points
	player wants to roll...
		roll: [1,1,2,2,3,6]
		player choice: [1]
			player accrued 100 points from choice...
	Current state: 5 dice available to roll, 100 accrued points
	player wants to pass. Turn over...
Player 0 taking a turn...
	Current state: 6 dice available to roll, 0 accrued points
	player wants to roll...
		roll: [1,1,2,3,3,3]
		player choice: [1,1,3,3,3]
			player accrued 500 points from choice...
	Current state: 1 dice available to roll, 500 accrued points
	player wants to pass. Turn over...
Player 1 taking a turn...
	Current state: 6 dice available to roll, 0 accrued points
	player wants to roll...
		roll: [2,2,4,5,6,6]
		player choice: [5]
			player accrued 50 points from choice...
	Current state: 5 dice available to roll, 50 accrued points
	player wants to pass. Turn over...
Player 0 taking a turn...
	Current state: 6 dice available to roll, 0 accrued points
	player wants to roll...
		roll: [1,3,3,3,5,6]
		player choice: [1,3,3,3,5]
			player accrued 450 points from choice...
	Current state: 1 dice available to roll, 450 accrued points
	player wants to pass. Turn over...
Player 1 taking a turn...
	Current state: 6 dice available to roll, 0 accrued points
	player wants to roll...
		roll: [1,1,3,5,6,6]
		player choice: [1]
			player accrued 100 points from choice...
	Current state: 5 dice available to roll, 100 accrued points
	player wants to pass. Turn over...
Player 0 taking a turn...
	Current state: 6 dice available to roll, 0 accrued points
	player wants to roll...
		roll: [1,4,4,6,6,6]
		player choice: [1,6,6,6]
			player accrued 700 points from choice...
	Current state: 2 dice available to roll, 700 accrued points
	player wants to pass. Turn over...
Player 1 taking a turn...
	Current state: 6 dice available to roll, 0 accrued points
	player wants to roll...
		roll: [1,1,2,3,4,5]
		player choice: [1]
			player accrued 100 points from choice...
	Current state: 5 dice available to roll, 100 accrued points
	player wants to pass. Turn over...
Player 0 taking a turn...
	Current state: 6 dice available to roll, 0 accrued points
	player wants to roll...
		roll: [2,2,4,4,6,6]
		player choice: [2,2,4,4,6,6]
			player accrued 1000 points from choice...
	Current state: 6 dice available to roll, 1000 accrued points
	player wants to roll...
		roll: [1,1,3,3,4,5]
		player choice: [1,1,5]
			player accrued 250 points from choice...
	Current state: 3 dice available to roll, 1250 accrued points
	player wants to roll...
		roll: [5,5,6]
		player choice: [5,5]
			player accrued 100 points from choice...
	Current state: 1 dice available to roll, 1350 accrued points
	player wants to pass. Turn over...
Player 1 taking a turn...
	Current state: 6 dice available to roll, 0 accrued points
	player wants to roll...
		roll: [1,1,2,4,6,6]
		player choice: [1]
			player accrued 100 points from choice...
	Current state: 5 dice available to roll, 100 accrued points
	player wants to pass. Turn over...
Player 0 taking a turn...
	Current state: 6 dice available to roll, 0 accrued points
	player wants to roll...
		roll: [1,1,1,3,5,5]
		player choice: [1,1,1,5,5]
			player accrued 1100 points from choice...
	Current state: 1 dice available to roll, 1100 accrued points
	player wants to pass. Turn over...
Player 1 taking a turn...
	Current state: 6 dice available to roll, 0 accrued points
	player wants to roll...
		roll: [2,2,3,3,5,6]
		player choice: [5]
			player accrued 50 points from choice...
	Current state: 5 dice available to roll, 50 accrued points
	player wants to pass. Turn over...
Player 0 taking a turn...
	Current state: 6 dice available to roll, 0 accrued points
	player wants to roll...
		roll: [1,2,3,3,4,6]
		player choice: [1]
			player accrued 100 points from choice...
	Current state: 5 dice available to roll, 100 accrued points
	player wants to roll...
		roll: [1,2,2,2,4]
		player choice: [1,2,2,2]
			player accrued 300 points from choice...
	Current state: 1 dice available to roll, 400 accrued points
	player wants to pass. Turn over...
Player 1 taking a turn...
	Current state: 6 dice available to roll, 0 accrued points
	player wants to roll...
		roll: [1,1,2,3,4,6]
		player choice: [1]
			player accrued 100 points from choice...
	Current state: 5 dice available to roll, 100 accrued points
	player wants to pass. Turn over...
Player 0 taking a turn...
	Current state: 6 dice available to roll, 0 accrued points
	player wants to roll...
		roll: [1,2,4,6,6,6]
		player choice: [1,6,6,6]
			player accrued 700 points from choice...
	Current state: 2 dice available to roll, 700 accrued points
	player wants to pass. Turn over...
Player 1 taking a turn...
	Current state: 6 dice available to roll, 0 accrued points
	player wants to roll...
		roll: [1,2,3,4,4,5]
		player choice: [1]
			player accrued 100 points from choice...
	Current state: 5 dice available to roll, 100 accrued points
	player wants to pass. Turn over...
Player 0 taking a turn...
	Current state: 6 dice available to roll, 0 accrued points
	player wants to roll...
		roll: [1,1,3,4,5,5]
		player choice: [1,1,5,5]
			player accrued 300 points from choice...
	Current state: 2 dice available to roll, 300 accrued points
	player wants to pass. Turn over...
Player 1 taking a turn...
	Current state: 6 dice available to roll, 0 accrued points
	player wants to roll...
		roll: [1,1,4,5,6,6]
		player choice: [1]
			player accrued 100 points from choice...
	Current state: 5 dice available to roll, 100 accrued points
	player wants to pass. Turn over...
Player 0 taking a turn...
	Current state: 6 dice available to roll, 0 accrued points
	player wants to roll...
		roll: [1,2,3,3,3,5]
		player choice: [1,3,3,3,5]
			player accrued 450 points from choice...
	Current state: 1 dice available to roll, 450 accrued points
	player wants to pass. Turn over...
Player 1 taking a turn...
	Current state: 6 dice available to roll, 0 accrued points
	player wants to roll...
		roll: [1,2,2,3,6,6]
		player choice: [1]
			player accrued 100 points from choice...
	Current state: 5 dice available to roll, 100 accrued points
	player wants to pass. Turn over...
Player 0 taking a turn...
	Current state: 6 dice available to roll, 0 accrued points
	player wants to roll...
		roll: [1,1,3,4,5,5]
		player choice: [1,1,5,5]
			player accrued 300 points from choice...
	Current state: 2 dice available to roll, 300 accrued points
	player wants to pass. Turn over...
Player 1 taking a turn...
	Current state: 6 dice available to roll, 0 accrued points
	player wants to roll...
		roll: [2,2,3,3,4,6]
		player choice: []
			player accrued 0 points from choice...
	Current state: 6 dice available to roll, 0 accrued points
	player wants to roll...
		roll: [1,1,2,3,6,6]
		player choice: [1]
			player accrued 100 points from choice...
	Current state: 5 dice available to roll, 100 accrued points
	player wants to pass. Turn over...
Player 0 taking a turn...
	Current state: 6 dice available to roll, 0 accrued points
	player wants to roll...
		roll: [1,1,4,4,6,6]
		player choice: [1,1,4,4,6,6]
			player accrued 1000 points from choice...
	Current state: 6 dice available to roll, 1000 accrued points
	player wants to roll...
		roll: [1,2,2,3,4,5]
		player choice: [1,5]
			player accrued 150 points from choice...
	Current state: 4 dice available to roll, 1150 accrued points
	player wants to roll...
		roll: [1,1,2,3]
		player choice: [1,1]
			player accrued 200 points from choice...
	Current state: 2 dice available to roll, 1350 accrued points
	player wants to pass. Turn over...
Player 1 taking a turn...
	Current state: 6 dice available to roll, 0 accrued points
	player wants to roll...
		roll: [1,1,4,5,6,6]
		player choice: [1]
			player accrued 100 points from choice...
	Current state: 5 dice available to roll, 100 accrued points
	player wants to pass. Turn over...
Player 0 taking a turn...
	Current state: 6 dice available to roll, 0 accrued points
	player wants to roll...
		roll: [1,2,2,3,5,6]
		player choice: [1,5]
			player accrued 150 points from choice...
	Current state: 4 dice available to roll, 150 accrued points
	player wants to roll...
		roll: [1,3,5,6]
		player choice: [1,5]
			player accrued 150 points from choice...
	Current state: 2 dice available to roll, 300 accrued points
	player wants to pass. Turn over...
Player 1 taking a turn...
	Current state: 6 dice available to roll, 0 accrued points
	player wants to roll...
		roll: [2,2,3,4,6,6]
		player choice: []
			player accrued 0 points from choice...
	Current state: 6 dice available to roll, 0 accrued points
	player wants to roll...
		roll: [1,1,3,3,4,6]
		player choice: [1]
			player accrued 100 points from choice...
	Current state: 5 dice available to roll, 100 accrued points
	player wants to pass. Turn over...
Player 0 taking a turn...
	Current state: 6 dice available to roll, 0 accrued points
	player wants to roll...
		roll: [1,1,5,6,6,6]
		player choice: [1,1,6,6,6]
			player accrued 800 points from choice...
	Current state: 1 dice available to roll, 800 accrued points
	player wants to pass. Turn over...
Player 1 taking a turn...
	Current state: 6 dice available to roll, 0 accrued points
	player wants to roll...
		roll: [1,2,2,3,6,6]
		player choice: [1]
			player accrued 100 points from choice...
	Current state: 5 dice available to roll, 100 accrued points
	player wants to pass. Turn over...
Player 0 taking a turn...
	Current state: 6 dice available to roll, 0 accrued points
	player wants to roll...
		roll: [1,2,3,3,4,6]
		player choice: [1]
			player accrued 100 points from choice...
	Current state: 5 dice available to roll, 100 accrued points
	player wants to roll...
		roll: [1,1,5,6,6]
		player choice: [1,1,5]
			player accrued 250 points from choice...
	Current state: 2 dice available to roll, 350 accrued points
	player wants to pass. Turn over...
Player 1 taking a turn...
	Current state: 6 dice available to roll, 0 accrued points
	player wants to roll...
		roll: [1,1,3,4,5,6]
		player choice: [1]
			player accrued 100 points from choice...
	Current state: 5 dice available to roll, 100 accrued points
	player wants to pass. Turn over...
Player 0 taking a turn...
	Current state: 6 dice available to roll, 0 accrued points
	player wants to roll...
		roll: [1,1,2,3,3,4]
		player choice: [1,1]
			player accrued 200 points from choice...
	Current state: 4 dice available to roll, 200 accrued points
	player wants to roll...
		roll: [1,1,4,6]
		player choice: [1,1]
			player accrued 200 points from choice...
	Current state: 2 dice available to roll, 400 accrued points
	player wants to pass. Turn over...
